\BOOKMARK [1][-]{section.1}{Introduction to Javascript}{}% 1
\BOOKMARK [2][-]{subsection.1.1}{What is Javascript? }{section.1}% 2
\BOOKMARK [2][-]{subsection.1.2}{Console}{section.1}% 3
\BOOKMARK [2][-]{subsection.1.3}{Comments}{section.1}% 4
\BOOKMARK [2][-]{subsection.1.4}{Data Types}{section.1}% 5
\BOOKMARK [2][-]{subsection.1.5}{Arithmetic Operators}{section.1}% 6
\BOOKMARK [2][-]{subsection.1.6}{String Concatenation}{section.1}% 7
\BOOKMARK [2][-]{subsection.1.7}{Properties}{section.1}% 8
\BOOKMARK [2][-]{subsection.1.8}{Methods}{section.1}% 9
\BOOKMARK [2][-]{subsection.1.9}{Built-in Objects}{section.1}% 10
\BOOKMARK [2][-]{subsection.1.10}{Review}{section.1}% 11
\BOOKMARK [1][-]{section.2}{Variables}{}% 12
\BOOKMARK [2][-]{subsection.2.1}{Variables}{section.2}% 13
\BOOKMARK [2][-]{subsection.2.2}{Create a Variable: var}{section.2}% 14
\BOOKMARK [2][-]{subsection.2.3}{Create a Variable: let}{section.2}% 15
\BOOKMARK [2][-]{subsection.2.4}{Create a Variable: const}{section.2}% 16
\BOOKMARK [2][-]{subsection.2.5}{Mathematical Assignment Operators}{section.2}% 17
\BOOKMARK [2][-]{subsection.2.6}{The Increment and Decrement Operator}{section.2}% 18
\BOOKMARK [2][-]{subsection.2.7}{String Concatenation with Variables}{section.2}% 19
\BOOKMARK [2][-]{subsection.2.8}{String Interpolation}{section.2}% 20
\BOOKMARK [2][-]{subsection.2.9}{typeof operator}{section.2}% 21
\BOOKMARK [2][-]{subsection.2.10}{Review Variables}{section.2}% 22
\BOOKMARK [1][-]{section.3}{Conditional Statements}{}% 23
\BOOKMARK [2][-]{subsection.3.1}{What are Conditional Statements?}{section.3}% 24
\BOOKMARK [2][-]{subsection.3.2}{If Statement}{section.3}% 25
\BOOKMARK [2][-]{subsection.3.3}{If...Else Statements}{section.3}% 26
\BOOKMARK [2][-]{subsection.3.4}{Comparison Operators}{section.3}% 27
\BOOKMARK [2][-]{subsection.3.5}{Logical Operators}{section.3}% 28
\BOOKMARK [2][-]{subsection.3.6}{Truthy and Falsy}{section.3}% 29
\BOOKMARK [2][-]{subsection.3.7}{Truthy and Falsy Assignment}{section.3}% 30
\BOOKMARK [2][-]{subsection.3.8}{Ternary Operator}{section.3}% 31
\BOOKMARK [2][-]{subsection.3.9}{Else If Statements}{section.3}% 32
\BOOKMARK [2][-]{subsection.3.10}{The switch keyword}{section.3}% 33
\BOOKMARK [2][-]{subsection.3.11}{Review}{section.3}% 34
\BOOKMARK [1][-]{section.4}{Functions}{}% 35
\BOOKMARK [2][-]{subsection.4.1}{What are Functions?}{section.4}% 36
\BOOKMARK [2][-]{subsection.4.2}{Function Declarations}{section.4}% 37
\BOOKMARK [2][-]{subsection.4.3}{Calling a Function}{section.4}% 38
\BOOKMARK [2][-]{subsection.4.4}{Parameters and Arguments}{section.4}% 39
\BOOKMARK [2][-]{subsection.4.5}{Default Parameters}{section.4}% 40
\BOOKMARK [2][-]{subsection.4.6}{Return}{section.4}% 41
\BOOKMARK [2][-]{subsection.4.7}{Helper Functions}{section.4}% 42
\BOOKMARK [2][-]{subsection.4.8}{Function Expressions}{section.4}% 43
\BOOKMARK [2][-]{subsection.4.9}{Arrow Functions}{section.4}% 44
\BOOKMARK [2][-]{subsection.4.10}{Concise Body Arrow Functions}{section.4}% 45
\BOOKMARK [2][-]{subsection.4.11}{Review Functions}{section.4}% 46
\BOOKMARK [1][-]{section.5}{Scope}{}% 47
\BOOKMARK [2][-]{subsection.5.1}{Scope}{section.5}% 48
\BOOKMARK [2][-]{subsection.5.2}{Blocks and Scope}{section.5}% 49
\BOOKMARK [2][-]{subsection.5.3}{Global Scope}{section.5}% 50
\BOOKMARK [2][-]{subsection.5.4}{Block Scope}{section.5}% 51
\BOOKMARK [2][-]{subsection.5.5}{Scope Pollution}{section.5}% 52
\BOOKMARK [2][-]{subsection.5.6}{Practice Good Scoping}{section.5}% 53
\BOOKMARK [2][-]{subsection.5.7}{Review: Scope}{section.5}% 54
\BOOKMARK [1][-]{section.6}{Arrays}{}% 55
\BOOKMARK [2][-]{subsection.6.1}{Arrays}{section.6}% 56
\BOOKMARK [2][-]{subsection.6.2}{Create an Array}{section.6}% 57
\BOOKMARK [2][-]{subsection.6.3}{Accessing Elements}{section.6}% 58
\BOOKMARK [2][-]{subsection.6.4}{Update Elements}{section.6}% 59
\BOOKMARK [2][-]{subsection.6.5}{Arrays with let and const}{section.6}% 60
\BOOKMARK [2][-]{subsection.6.6}{The .length property}{section.6}% 61
\BOOKMARK [2][-]{subsection.6.7}{The .push\(\) Method}{section.6}% 62
\BOOKMARK [2][-]{subsection.6.8}{The .pop\(\) Method}{section.6}% 63
\BOOKMARK [2][-]{subsection.6.9}{More Array Methods}{section.6}% 64
\BOOKMARK [3][-]{subsubsection.6.9.1}{The .shift\(\) Method}{subsection.6.9}% 65
\BOOKMARK [3][-]{subsubsection.6.9.2}{The .unshift\(\) Method}{subsection.6.9}% 66
\BOOKMARK [3][-]{subsubsection.6.9.3}{The .slice\(\) Method}{subsection.6.9}% 67
\BOOKMARK [2][-]{subsection.6.10}{Arrays and Functions}{section.6}% 68
\BOOKMARK [2][-]{subsection.6.11}{Nested Arrays}{section.6}% 69
\BOOKMARK [2][-]{subsection.6.12}{Review Arrays}{section.6}% 70
\BOOKMARK [1][-]{section.7}{Loops}{}% 71
\BOOKMARK [2][-]{subsection.7.1}{Loops}{section.7}% 72
\BOOKMARK [2][-]{subsection.7.2}{The For Loop}{section.7}% 73
\BOOKMARK [2][-]{subsection.7.3}{Looping in Reverse}{section.7}% 74
\BOOKMARK [2][-]{subsection.7.4}{Looping through Arrays}{section.7}% 75
\BOOKMARK [2][-]{subsection.7.5}{Nested Loops}{section.7}% 76
\BOOKMARK [2][-]{subsection.7.6}{The While Loop}{section.7}% 77
\BOOKMARK [2][-]{subsection.7.7}{Do...While Statements}{section.7}% 78
\BOOKMARK [2][-]{subsection.7.8}{The break Keyword}{section.7}% 79
\BOOKMARK [2][-]{subsection.7.9}{Review}{section.7}% 80
\BOOKMARK [1][-]{section.8}{Higher-Order Functions}{}% 81
\BOOKMARK [2][-]{subsection.8.1}{Introduction}{section.8}% 82
\BOOKMARK [2][-]{subsection.8.2}{Functions as Data}{section.8}% 83
\BOOKMARK [2][-]{subsection.8.3}{Functions as Parameters}{section.8}% 84
\BOOKMARK [2][-]{subsection.8.4}{Review}{section.8}% 85
\BOOKMARK [1][-]{section.9}{Iterators}{}% 86
\BOOKMARK [2][-]{subsection.9.1}{Introduction to Iterators}{section.9}% 87
\BOOKMARK [2][-]{subsection.9.2}{The .forEach\(\) Method}{section.9}% 88
\BOOKMARK [2][-]{subsection.9.3}{The .map\(\) Method}{section.9}% 89
\BOOKMARK [2][-]{subsection.9.4}{The .filter\(\) Method}{section.9}% 90
\BOOKMARK [2][-]{subsection.9.5}{The .findIndex\(\) Method}{section.9}% 91
\BOOKMARK [2][-]{subsection.9.6}{The .reduce\(\) Method}{section.9}% 92
\BOOKMARK [2][-]{subsection.9.7}{Iterator Documentation}{section.9}% 93
\BOOKMARK [2][-]{subsection.9.8}{More Iterators}{section.9}% 94
\BOOKMARK [3][-]{subsubsection.9.8.1}{The .some\(\) Method}{subsection.9.8}% 95
\BOOKMARK [3][-]{subsubsection.9.8.2}{The .every\(\) Method}{subsection.9.8}% 96
\BOOKMARK [2][-]{subsection.9.9}{Review}{section.9}% 97
\BOOKMARK [1][-]{section.10}{Objects}{}% 98
\BOOKMARK [2][-]{subsection.10.1}{Introduction to Objects}{section.10}% 99
\BOOKMARK [2][-]{subsection.10.2}{Creating Object Literals}{section.10}% 100
\BOOKMARK [2][-]{subsection.10.3}{Accessing Properties}{section.10}% 101
\BOOKMARK [2][-]{subsection.10.4}{Bracket Notation}{section.10}% 102
\BOOKMARK [2][-]{subsection.10.5}{Property Assignment}{section.10}% 103
\BOOKMARK [2][-]{subsection.10.6}{Methods}{section.10}% 104
\BOOKMARK [2][-]{subsection.10.7}{Nested Objects}{section.10}% 105
\BOOKMARK [2][-]{subsection.10.8}{Pass By Reference}{section.10}% 106
\BOOKMARK [2][-]{subsection.10.9}{Looping Through Objects}{section.10}% 107
\BOOKMARK [2][-]{subsection.10.10}{Review}{section.10}% 108
\BOOKMARK [1][-]{section.11}{Advanced Objects}{}% 109
\BOOKMARK [2][-]{subsection.11.1}{Advanced Objects Introduction}{section.11}% 110
\BOOKMARK [2][-]{subsection.11.2}{The this Keyword}{section.11}% 111
\BOOKMARK [2][-]{subsection.11.3}{Arrow Functions and this}{section.11}% 112
\BOOKMARK [2][-]{subsection.11.4}{Privacy}{section.11}% 113
\BOOKMARK [2][-]{subsection.11.5}{Getters}{section.11}% 114
\BOOKMARK [2][-]{subsection.11.6}{Setters}{section.11}% 115
\BOOKMARK [2][-]{subsection.11.7}{Factory Functions}{section.11}% 116
\BOOKMARK [2][-]{subsection.11.8}{Property Value Shorthand}{section.11}% 117
\BOOKMARK [2][-]{subsection.11.9}{Destructured Assignment}{section.11}% 118
\BOOKMARK [2][-]{subsection.11.10}{Built-in Object Methods}{section.11}% 119
\BOOKMARK [3][-]{subsubsection.11.10.1}{The Object.keys\(\) Method}{subsection.11.10}% 120
\BOOKMARK [3][-]{subsubsection.11.10.2}{The Object.entries\(\) Method}{subsection.11.10}% 121
\BOOKMARK [3][-]{subsubsection.11.10.3}{The Object.assign\(\) Method}{subsection.11.10}% 122
\BOOKMARK [2][-]{subsection.11.11}{Review}{section.11}% 123
\BOOKMARK [1][-]{section.12}{Classes}{}% 124
\BOOKMARK [2][-]{subsection.12.1}{Introduction to Classes}{section.12}% 125
\BOOKMARK [2][-]{subsection.12.2}{Constructor}{section.12}% 126
\BOOKMARK [2][-]{subsection.12.3}{Instance}{section.12}% 127
\BOOKMARK [2][-]{subsection.12.4}{Methods}{section.12}% 128
\BOOKMARK [2][-]{subsection.12.5}{Method Calls}{section.12}% 129
\BOOKMARK [2][-]{subsection.12.6}{Inheritance}{section.12}% 130
\BOOKMARK [2][-]{subsection.12.7}{Static Methods}{section.12}% 131
\BOOKMARK [2][-]{subsection.12.8}{Review: Classes}{section.12}% 132
\BOOKMARK [1][-]{section.13}{Browser Compatibility and Transpilation}{}% 133
\BOOKMARK [2][-]{subsection.13.1}{Introduction}{section.13}% 134
\BOOKMARK [2][-]{subsection.13.2}{caniuse.com}{section.13}% 135
\BOOKMARK [2][-]{subsection.13.3}{Why ES6?}{section.13}% 136
\BOOKMARK [2][-]{subsection.13.4}{Transpilation With Babel}{section.13}% 137
\BOOKMARK [2][-]{subsection.13.5}{npm init}{section.13}% 138
\BOOKMARK [2][-]{subsection.13.6}{Install Node Packages}{section.13}% 139
\BOOKMARK [2][-]{subsection.13.7}{.babelrc}{section.13}% 140
\BOOKMARK [2][-]{subsection.13.8}{Babel Source Lib}{section.13}% 141
\BOOKMARK [2][-]{subsection.13.9}{Build}{section.13}% 142
\BOOKMARK [2][-]{subsection.13.10}{Review}{section.13}% 143
\BOOKMARK [1][-]{section.14}{Intermediate JavaScript Modules}{}% 144
\BOOKMARK [2][-]{subsection.14.1}{Hello Modules}{section.14}% 145
\BOOKMARK [2][-]{subsection.14.2}{module.exports}{section.14}% 146
\BOOKMARK [2][-]{subsection.14.3}{require\(\)}{section.14}% 147
\BOOKMARK [2][-]{subsection.14.4}{module.exports II}{section.14}% 148
\BOOKMARK [2][-]{subsection.14.5}{export default}{section.14}% 149
\BOOKMARK [2][-]{subsection.14.6}{import}{section.14}% 150
\BOOKMARK [2][-]{subsection.14.7}{Named Exports}{section.14}% 151
\BOOKMARK [2][-]{subsection.14.8}{Named Imports}{section.14}% 152
\BOOKMARK [2][-]{subsection.14.9}{Export Named Exports}{section.14}% 153
\BOOKMARK [2][-]{subsection.14.10}{Import Named Imports}{section.14}% 154
\BOOKMARK [2][-]{subsection.14.11}{Export as}{section.14}% 155
\BOOKMARK [2][-]{subsection.14.12}{Import as}{section.14}% 156
\BOOKMARK [2][-]{subsection.14.13}{Combining Export Statements}{section.14}% 157
\BOOKMARK [2][-]{subsection.14.14}{Combining Import Statements}{section.14}% 158
\BOOKMARK [2][-]{subsection.14.15}{Review}{section.14}% 159
\BOOKMARK [1][-]{section.15}{JavaScript Promises}{}% 160
\BOOKMARK [2][-]{subsection.15.1}{Introduction}{section.15}% 161
\BOOKMARK [2][-]{subsection.15.2}{What is a Promise?}{section.15}% 162
\BOOKMARK [2][-]{subsection.15.3}{Constructing a Promise Object}{section.15}% 163
\BOOKMARK [2][-]{subsection.15.4}{The Node setTimeout\(\) Function}{section.15}% 164
\BOOKMARK [2][-]{subsection.15.5}{Consuming Promises}{section.15}% 165
\BOOKMARK [2][-]{subsection.15.6}{The onFulfilled and onRejected Functions}{section.15}% 166
\BOOKMARK [2][-]{subsection.15.7}{Using catch\(\) with Promises}{section.15}% 167
\BOOKMARK [2][-]{subsection.15.8}{Chaining Multiple Promises}{section.15}% 168
\BOOKMARK [2][-]{subsection.15.9}{Avoiding Common Mistakes}{section.15}% 169
\BOOKMARK [2][-]{subsection.15.10}{Using Promise.all\(\)}{section.15}% 170
\BOOKMARK [2][-]{subsection.15.11}{Review}{section.15}% 171
\BOOKMARK [1][-]{section.16}{Async Await}{}% 172
\BOOKMARK [2][-]{subsection.16.1}{Introduction}{section.16}% 173
\BOOKMARK [2][-]{subsection.16.2}{The async Keyword}{section.16}% 174
\BOOKMARK [2][-]{subsection.16.3}{The await Operator}{section.16}% 175
\BOOKMARK [2][-]{subsection.16.4}{Writing async Functions}{section.16}% 176
\BOOKMARK [2][-]{subsection.16.5}{Handling Dependent Promises}{section.16}% 177
\BOOKMARK [2][-]{subsection.16.6}{Handling Errors}{section.16}% 178
\BOOKMARK [2][-]{subsection.16.7}{Handling Independent Promises}{section.16}% 179
\BOOKMARK [2][-]{subsection.16.8}{Await Promise.all\(\)}{section.16}% 180
\BOOKMARK [2][-]{subsection.16.9}{Review}{section.16}% 181
\BOOKMARK [1][-]{section.17}{Requests I}{}% 182
\BOOKMARK [2][-]{subsection.17.1}{Introduction to Requests}{section.17}% 183
\BOOKMARK [2][-]{subsection.17.2}{HTTP Requests}{section.17}% 184
\BOOKMARK [2][-]{subsection.17.3}{XHR GET Requests}{section.17}% 185
\BOOKMARK [3][-]{subsubsection.17.3.1}{Find Words that Rhyme}{subsection.17.3}% 186
\BOOKMARK [3][-]{subsubsection.17.3.2}{Find Adjectives}{subsection.17.3}% 187
\BOOKMARK [2][-]{subsection.17.4}{XHR POST Requests}{section.17}% 188
\BOOKMARK [2][-]{subsection.17.5}{Review Requests}{section.17}% 189
\BOOKMARK [1][-]{section.18}{Requests II}{}% 190
\BOOKMARK [2][-]{subsection.18.1}{Introduction to Requests with ES6}{section.18}% 191
\BOOKMARK [2][-]{subsection.18.2}{fetch\(\) GET Requests}{section.18}% 192
\BOOKMARK [2][-]{subsection.18.3}{fetch\(\) POST Requests}{section.18}% 193
\BOOKMARK [2][-]{subsection.18.4}{async GET Requests}{section.18}% 194
\BOOKMARK [2][-]{subsection.18.5}{async POST Requests}{section.18}% 195
\BOOKMARK [2][-]{subsection.18.6}{Review Requests II}{section.18}% 196
