\BOOKMARK [1][-]{section.1}{Introduction to HTML}{}% 1
\BOOKMARK [2][-]{subsection.1.1}{Introduction to HTML}{section.1}% 2
\BOOKMARK [2][-]{subsection.1.2}{HTML Anatomy}{section.1}% 3
\BOOKMARK [2][-]{subsection.1.3}{The Body}{section.1}% 4
\BOOKMARK [2][-]{subsection.1.4}{HTML Structure}{section.1}% 5
\BOOKMARK [2][-]{subsection.1.5}{Headings}{section.1}% 6
\BOOKMARK [2][-]{subsection.1.6}{Divs}{section.1}% 7
\BOOKMARK [2][-]{subsection.1.7}{Attributes}{section.1}% 8
\BOOKMARK [2][-]{subsection.1.8}{Displaying Text}{section.1}% 9
\BOOKMARK [2][-]{subsection.1.9}{Styling Text}{section.1}% 10
\BOOKMARK [2][-]{subsection.1.10}{Line Breaks}{section.1}% 11
\BOOKMARK [2][-]{subsection.1.11}{Unordered Lists}{section.1}% 12
\BOOKMARK [2][-]{subsection.1.12}{Ordered Lists}{section.1}% 13
\BOOKMARK [2][-]{subsection.1.13}{Images}{section.1}% 14
\BOOKMARK [2][-]{subsection.1.14}{Image Alts}{section.1}% 15
\BOOKMARK [2][-]{subsection.1.15}{Videos}{section.1}% 16
\BOOKMARK [2][-]{subsection.1.16}{Review}{section.1}% 17
\BOOKMARK [1][-]{section.2}{HTML Document Standards}{}% 18
\BOOKMARK [2][-]{subsection.2.1}{Preparing for HTML}{section.2}% 19
\BOOKMARK [2][-]{subsection.2.2}{The <html> tag}{section.2}% 20
\BOOKMARK [2][-]{subsection.2.3}{The Head}{section.2}% 21
\BOOKMARK [2][-]{subsection.2.4}{Page Titles}{section.2}% 22
\BOOKMARK [2][-]{subsection.2.5}{Where Does the Title Appear?}{section.2}% 23
\BOOKMARK [2][-]{subsection.2.6}{Linking to Other Web Pages}{section.2}% 24
\BOOKMARK [2][-]{subsection.2.7}{Opening Links in a New Window}{section.2}% 25
\BOOKMARK [2][-]{subsection.2.8}{Linking to Relative Page}{section.2}% 26
\BOOKMARK [2][-]{subsection.2.9}{Linking At Will}{section.2}% 27
\BOOKMARK [2][-]{subsection.2.10}{Linking to Same Page}{section.2}% 28
\BOOKMARK [2][-]{subsection.2.11}{Whitespace}{section.2}% 29
\BOOKMARK [2][-]{subsection.2.12}{Indentation}{section.2}% 30
\BOOKMARK [2][-]{subsection.2.13}{Comments}{section.2}% 31
\BOOKMARK [2][-]{subsection.2.14}{HTML Tags}{section.2}% 32
\BOOKMARK [1][-]{section.3}{HTML Tables}{}% 33
\BOOKMARK [2][-]{subsection.3.1}{Introduction to Tables}{section.3}% 34
\BOOKMARK [2][-]{subsection.3.2}{Create a Table}{section.3}% 35
\BOOKMARK [2][-]{subsection.3.3}{Table Rows}{section.3}% 36
\BOOKMARK [2][-]{subsection.3.4}{Table Data}{section.3}% 37
\BOOKMARK [2][-]{subsection.3.5}{Table Headings}{section.3}% 38
\BOOKMARK [2][-]{subsection.3.6}{Table Borders}{section.3}% 39
\BOOKMARK [2][-]{subsection.3.7}{Spanning Columns}{section.3}% 40
\BOOKMARK [2][-]{subsection.3.8}{Spanning Rows}{section.3}% 41
\BOOKMARK [2][-]{subsection.3.9}{Table Body}{section.3}% 42
\BOOKMARK [2][-]{subsection.3.10}{Table Head}{section.3}% 43
\BOOKMARK [2][-]{subsection.3.11}{Table Footer}{section.3}% 44
\BOOKMARK [2][-]{subsection.3.12}{Styling with CSS}{section.3}% 45
\BOOKMARK [2][-]{subsection.3.13}{Review}{section.3}% 46
\BOOKMARK [1][-]{section.4}{HTML Forms}{}% 47
\BOOKMARK [2][-]{subsection.4.1}{Introduction to HTML Forms}{section.4}% 48
\BOOKMARK [2][-]{subsection.4.2}{How a Form Works}{section.4}% 49
\BOOKMARK [2][-]{subsection.4.3}{Text Input}{section.4}% 50
\BOOKMARK [2][-]{subsection.4.4}{Adding a Label}{section.4}% 51
\BOOKMARK [2][-]{subsection.4.5}{Password Input}{section.4}% 52
\BOOKMARK [2][-]{subsection.4.6}{Number Input}{section.4}% 53
\BOOKMARK [2][-]{subsection.4.7}{Range Input}{section.4}% 54
\BOOKMARK [2][-]{subsection.4.8}{Checkbox Input}{section.4}% 55
\BOOKMARK [2][-]{subsection.4.9}{Radio Button Input}{section.4}% 56
\BOOKMARK [2][-]{subsection.4.10}{Dropdown list}{section.4}% 57
\BOOKMARK [2][-]{subsection.4.11}{Datalist Input}{section.4}% 58
\BOOKMARK [2][-]{subsection.4.12}{Textarea element}{section.4}% 59
\BOOKMARK [2][-]{subsection.4.13}{Submit Form}{section.4}% 60
\BOOKMARK [2][-]{subsection.4.14}{Review}{section.4}% 61
\BOOKMARK [1][-]{section.5}{Form Validation}{}% 62
\BOOKMARK [2][-]{subsection.5.1}{Introduction to HTML Form Validation}{section.5}% 63
\BOOKMARK [2][-]{subsection.5.2}{Requiring an Input}{section.5}% 64
\BOOKMARK [2][-]{subsection.5.3}{Set a Minimum and Maximum}{section.5}% 65
\BOOKMARK [2][-]{subsection.5.4}{Checking Text Length}{section.5}% 66
\BOOKMARK [2][-]{subsection.5.5}{Matching a Pattern}{section.5}% 67
\BOOKMARK [2][-]{subsection.5.6}{Review}{section.5}% 68
\BOOKMARK [1][-]{section.6}{Semantic HTML}{}% 69
\BOOKMARK [2][-]{subsection.6.1}{Introduction to Semantic HTML}{section.6}% 70
\BOOKMARK [2][-]{subsection.6.2}{Header and Nav}{section.6}% 71
\BOOKMARK [2][-]{subsection.6.3}{Main and Footer}{section.6}% 72
\BOOKMARK [2][-]{subsection.6.4}{Article and Section}{section.6}% 73
\BOOKMARK [2][-]{subsection.6.5}{The Aside Element}{section.6}% 74
\BOOKMARK [2][-]{subsection.6.6}{Figure and Figcaption}{section.6}% 75
\BOOKMARK [2][-]{subsection.6.7}{Audio and Attributes}{section.6}% 76
\BOOKMARK [2][-]{subsection.6.8}{Video and Embed}{section.6}% 77
\BOOKMARK [2][-]{subsection.6.9}{Review}{section.6}% 78
