\BOOKMARK [1][-]{section.1}{Manipulation}{}% 1
\BOOKMARK [2][-]{subsection.1.1}{Introduction to SQL}{section.1}% 2
\BOOKMARK [2][-]{subsection.1.2}{Relational Databases}{section.1}% 3
\BOOKMARK [2][-]{subsection.1.3}{Statements}{section.1}% 4
\BOOKMARK [2][-]{subsection.1.4}{Create}{section.1}% 5
\BOOKMARK [2][-]{subsection.1.5}{Insert}{section.1}% 6
\BOOKMARK [2][-]{subsection.1.6}{Select}{section.1}% 7
\BOOKMARK [2][-]{subsection.1.7}{Alter}{section.1}% 8
\BOOKMARK [2][-]{subsection.1.8}{Update}{section.1}% 9
\BOOKMARK [2][-]{subsection.1.9}{Delete}{section.1}% 10
\BOOKMARK [2][-]{subsection.1.10}{Constraints}{section.1}% 11
\BOOKMARK [2][-]{subsection.1.11}{Review}{section.1}% 12
\BOOKMARK [1][-]{section.2}{Queries}{}% 13
\BOOKMARK [2][-]{subsection.2.1}{Introduction}{section.2}% 14
\BOOKMARK [2][-]{subsection.2.2}{Select}{section.2}% 15
\BOOKMARK [2][-]{subsection.2.3}{As}{section.2}% 16
\BOOKMARK [2][-]{subsection.2.4}{Distinct}{section.2}% 17
\BOOKMARK [2][-]{subsection.2.5}{Where}{section.2}% 18
\BOOKMARK [2][-]{subsection.2.6}{Like}{section.2}% 19
\BOOKMARK [2][-]{subsection.2.7}{Is Null}{section.2}% 20
\BOOKMARK [2][-]{subsection.2.8}{Between}{section.2}% 21
\BOOKMARK [2][-]{subsection.2.9}{And}{section.2}% 22
\BOOKMARK [2][-]{subsection.2.10}{Or}{section.2}% 23
\BOOKMARK [2][-]{subsection.2.11}{Order By}{section.2}% 24
\BOOKMARK [2][-]{subsection.2.12}{Limit}{section.2}% 25
\BOOKMARK [2][-]{subsection.2.13}{Case}{section.2}% 26
\BOOKMARK [2][-]{subsection.2.14}{Review}{section.2}% 27
